E:\BOX2D\PROJECT14_BOX2D_DEBUGDRAW\DEBUG\MAIN.OBJ
E:\BOX2D\PROJECT14_BOX2D_DEBUGDRAW\DEBUG\PHYSICS.OBJ
E:\BOX2D\PROJECT14_BOX2D_DEBUGDRAW\DEBUG\VC110.PDB
E:\BOX2D\PROJECT14_BOX2D_DEBUGDRAW\DEBUG\PROJECT14_BOX2D_FROMINTERNET.ILK
E:\BOX2D\PROJECT14_BOX2D_DEBUGDRAW\DEBUG\PROJECT14_BOX2D_FROMINTERNET.EXE
E:\BOX2D\PROJECT14_BOX2D_DEBUGDRAW\DEBUG\PROJECT14_BOX2D_FROMINTERNET.PDB
E:\Box2d\Project14_Box2d_debugdraw\Debug\Main.obj
E:\Box2d\Project14_Box2d_debugdraw\Debug\Physics.obj
E:\Box2d\Project14_Box2d_debugdraw\Debug\Project14_Box2d_frominternet.ilk
E:\Box2d\Project14_Box2d_debugdraw\Debug\cl.command.1.tlog
E:\Box2d\Project14_Box2d_debugdraw\Debug\CL.read.1.tlog
E:\Box2d\Project14_Box2d_debugdraw\Debug\CL.write.1.tlog
E:\Box2d\Project14_Box2d_debugdraw\Debug\link-cvtres.read.1.tlog
E:\Box2d\Project14_Box2d_debugdraw\Debug\link-cvtres.write.1.tlog
E:\Box2d\Project14_Box2d_debugdraw\Debug\link-rc.read.1.tlog
E:\Box2d\Project14_Box2d_debugdraw\Debug\link-rc.write.1.tlog
E:\Box2d\Project14_Box2d_debugdraw\Debug\link.command.1.tlog
E:\Box2d\Project14_Box2d_debugdraw\Debug\link.read.1.tlog
E:\Box2d\Project14_Box2d_debugdraw\Debug\link.write.1.tlog
E:\Box2d\Project14_Box2d_debugdraw\Debug\vc110.idb
E:\Box2d\Project14_Box2d_debugdraw\Debug\Project14_Box2d_frominternet.pdb
E:\Box2d\Project14_Box2d_debugdraw\Debug\vc110.pdb
E:\Box2d\Project14_Box2d_debugdraw\Debug\Project14_Box2d_frominternet.exe
